#
# There is insufficient memory for the Java Runtime Environment to continue.
# Native memory allocation (malloc) failed to allocate 1048576 bytes for AllocateHeap
# Possible reasons:
#   The system is out of physical RAM or swap space
#   The process is running with CompressedOops enabled, and the Java Heap may be blocking the growth of the native heap
# Possible solutions:
#   Reduce memory load on the system
#   Increase physical memory or swap space
#   Check if swap backing store is full
#   Decrease Java heap size (-Xmx/-Xms)
#   Decrease number of Java threads
#   Decrease Java thread stack sizes (-Xss)
#   Set larger code cache with -XX:ReservedCodeCacheSize=
#   JVM is running with Unscaled Compressed Oops mode in which the Java heap is
#     placed in the first 4GB address space. The Java Heap base address is the
#     maximum limit for the native heap growth. Please use -XX:HeapBaseMinAddress
#     to set the Java Heap base and to place the Java Heap above 4GB virtual address.
# This output file may be truncated or incomplete.
#
#  Out of Memory Error (allocation.cpp:44), pid=12468, tid=12544
#
# JRE version:  (17.0.8.1+1) (build )
# Java VM: OpenJDK 64-Bit Server VM (17.0.8.1+1, mixed mode, tiered, compressed oops, compressed class ptrs, parallel gc, windows-amd64)
# No core dump will be written. Minidumps are not enabled by default on client versions of Windows
#

---------------  S U M M A R Y ------------

Command Line: --add-modules=ALL-SYSTEM --add-opens=java.base/java.util=ALL-UNNAMED --add-opens=java.base/java.lang=ALL-UNNAMED --add-opens=java.base/sun.nio.fs=ALL-UNNAMED -Declipse.application=org.eclipse.jdt.ls.core.id1 -Dosgi.bundles.defaultStartLevel=4 -Declipse.product=org.eclipse.jdt.ls.core.product -Djava.import.generatesMetadataFilesAtProjectRoot=false -Dfile.encoding=utf8 -XX:+UseParallelGC -XX:GCTimeRatio=4 -XX:AdaptiveSizePolicyWeight=90 -Dsun.zip.disableMemoryMapping=true -Xmx1G -Xms100m -Xlog:disable -javaagent:c:\Users\franklin\.vscode\extensions\redhat.java-1.22.1-win32-x64\lombok\lombok-1.18.28.jar c:\Users\franklin\.vscode\extensions\redhat.java-1.22.1-win32-x64\server\plugins\org.eclipse.equinox.launcher_1.6.500.v20230717-2134.jar -configuration c:\Users\franklin\AppData\Roaming\Code\User\globalStorage\redhat.java\1.22.1\config_ss_win -data c:\Users\franklin\AppData\Roaming\Code\User\workspaceStorage\1da71107c33c4d1254ad4e818ce26aec\redhat.java\ss_ws

Host: Intel(R) Core(TM) i3-6006U CPU @ 2.00GHz, 4 cores, 3G,  Windows 10 , 64 bit Build 19041 (10.0.19041.3031)
Time: Fri Sep 15 10:20:50 2023 Hora estándar, América Central elapsed time: 1.280683 seconds (0d 0h 0m 1s)

---------------  T H R E A D  ---------------

Current thread (0x00000240b3e569b0):  JavaThread "Unknown thread" [_thread_in_vm, id=12544, stack(0x0000006625900000,0x0000006625a00000)]

Stack: [0x0000006625900000,0x0000006625a00000]
Native frames: (J=compiled Java code, j=interpreted, Vv=VM code, C=native code)
V  [jvm.dll+0x678b0a]
V  [jvm.dll+0x835e84]
V  [jvm.dll+0x83762e]
V  [jvm.dll+0x837c93]
V  [jvm.dll+0x24746f]
V  [jvm.dll+0xa697b]
V  [jvm.dll+0x6ab47a]
V  [jvm.dll+0x6ac13f]
V  [jvm.dll+0x685233]
V  [jvm.dll+0x80864b]
V  [jvm.dll+0x36bba4]
V  [jvm.dll+0x7e733c]
V  [jvm.dll+0x3ee4af]
V  [jvm.dll+0x3f00c1]
C  [jli.dll+0x528b]
C  [ucrtbase.dll+0x21bb2]
C  [KERNEL32.DLL+0x17614]
C  [ntdll.dll+0x526f1]


---------------  P R O C E S S  ---------------

Threads class SMR info:
_java_thread_list=0x00007ffe96d1a018, length=0, elements={
}

Java Threads: ( => current thread )

Other Threads:
  0x00000240b3e6e0c0 GCTaskThread "GC Thread#0" [stack: 0x0000006625a00000,0x0000006625b00000] [id=14276]

=>0x00000240b3e569b0 (exited) JavaThread "Unknown thread" [_thread_in_vm, id=12544, stack(0x0000006625900000,0x0000006625a00000)]

Threads with active compile tasks:

VM state: not at safepoint (normal execution)

VM Mutex/Monitor currently owned by a thread: None

Heap address: 0x00000000c0000000, size: 1024 MB, Compressed Oops mode: 32-bit

CDS archive(s) not mapped
Compressed class space mapped at: 0x0000000100000000-0x0000000140000000, reserved size: 1073741824
Narrow klass base: 0x0000000000000000, Narrow klass shift: 3, Narrow klass range: 0x140000000

GC Precious Log:
 CPUs: 4 total, 4 available
 Memory: 4012M
 Large Page Support: Disabled
 NUMA Support: Disabled
 Compressed Oops: Enabled (32-bit)
 Alignments: Space 512K, Generation 512K, Heap 2M
 Heap Min Capacity: 100M
 Heap Initial Capacity: 100M
 Heap Max Capacity: 1G
 Pre-touch: Disabled
 Parallel Workers: 4

Heap:
 PSYoungGen      total 29696K, used 512K [0x00000000eab00000, 0x00000000ecc00000, 0x0000000100000000)
  eden space 25600K, 2% used [0x00000000eab00000,0x00000000eab80070,0x00000000ec400000)
  from space 4096K, 0% used [0x00000000ec800000,0x00000000ec800000,0x00000000ecc00000)
  to   space 4096K, 0% used [0x00000000ec400000,0x00000000ec400000,0x00000000ec800000)
 ParOldGen       total 68608K, used 0K [0x00000000c0000000, 0x00000000c4300000, 0x00000000eab00000)
  object space 68608K, 0% used [0x00000000c0000000,0x00000000c0000000,0x00000000c4300000)
 Metaspace       used 1149K, committed 1216K, reserved 1114112K
  class space    used 101K, committed 128K, reserved 1048576K

Card table byte_map: [0x00000240c74a0000,0x00000240c76b0000] _byte_map_base: 0x00000240c6ea0000

Marking Bits: (ParMarkBitMap*) 0x00007ffe96d883a0
 Begin Bits: [0x00000240c7810000, 0x00000240c8810000)
 End Bits:   [0x00000240c8810000, 0x00000240c9810000)

Polling page: 0x00000240b3f20000

Metaspace:

Usage:
  Non-class:      1.02 MB used.
      Class:    101.05 KB used.
       Both:      1.12 MB used.

Virtual space:
  Non-class space:       64.00 MB reserved,       1.06 MB (  2%) committed,  1 nodes.
      Class space:        1.00 GB reserved,     128.00 KB ( <1%) committed,  1 nodes.
             Both:        1.06 GB reserved,       1.19 MB ( <1%) committed. 

Chunk freelists:
   Non-Class:  12.00 MB
       Class:  15.75 MB
        Both:  27.75 MB

MaxMetaspaceSize: unlimited
CompressedClassSpaceSize: 1.00 GB
Initial GC threshold: 21.00 MB
Current GC threshold: 17179869184.00 GB
CDS: off
MetaspaceReclaimPolicy: balanced
 - commit_granule_bytes: 65536.
 - commit_granule_words: 8192.
 - virtual_space_node_default_size: 8388608.
 - enlarge_chunks_in_place: 1.
 - new_chunks_are_fully_committed: 0.
 - uncommit_free_chunks: 1.
 - use_allocation_guard: 0.
 - handle_deallocations: 1.


Internal statistics:

num_allocs_failed_limit: 0.
num_arena_births: 2.
num_arena_deaths: 0.
num_vsnodes_births: 2.
num_vsnodes_deaths: 0.
num_space_committed: 19.
num_space_uncommitted: 0.
num_chunks_returned_to_freelist: 0.
num_chunks_taken_from_freelist: 3.
num_chunk_merges: 0.
num_chunk_splits: 2.
num_chunks_enlarged: 0.
num_inconsistent_stats: 0.

CodeHeap 'non-profiled nmethods': size=120000Kb used=0Kb max_used=0Kb free=120000Kb
 bounds [0x00000240bfd80000, 0x00000240bfff0000, 0x00000240c72b0000]
CodeHeap 'profiled nmethods': size=120000Kb used=0Kb max_used=0Kb free=120000Kb
 bounds [0x00000240b82b0000, 0x00000240b8520000, 0x00000240bf7e0000]
CodeHeap 'non-nmethods': size=5760Kb used=202Kb max_used=353Kb free=5557Kb
 bounds [0x00000240bf7e0000, 0x00000240bfa50000, 0x00000240bfd80000]
 total_blobs=66 nmethods=0 adapters=47
 compilation: enabled
              stopped_count=0, restarted_count=0
 full_count=0

Compilation events (0 events):
No events

GC Heap History (0 events):
No events

Dll operation events (1 events):
Event: 0.027 Loaded shared library c:\Users\franklin\.vscode\extensions\redhat.java-1.22.1-win32-x64\jre\17.0.8.1-win32-x86_64\bin\java.dll

Deoptimization events (0 events):
No events

Classes unloaded (0 events):
No events

Classes redefined (0 events):
No events

Internal exceptions (0 events):
No events

VM Operations (0 events):
No events

Events (20 events):
Event: 0.189 loading class java/lang/Long
Event: 0.189 loading class java/lang/Long done
Event: 0.189 loading class java/util/Iterator
Event: 0.189 loading class java/util/Iterator done
Event: 0.189 loading class java/lang/reflect/RecordComponent
Event: 0.189 loading class java/lang/reflect/RecordComponent done
Event: 0.189 loading class jdk/internal/vm/vector/VectorSupport
Event: 0.189 loading class jdk/internal/vm/vector/VectorSupport done
Event: 0.189 loading class jdk/internal/vm/vector/VectorSupport$VectorPayload
Event: 0.189 loading class jdk/internal/vm/vector/VectorSupport$VectorPayload done
Event: 0.189 loading class jdk/internal/vm/vector/VectorSupport$Vector
Event: 0.189 loading class jdk/internal/vm/vector/VectorSupport$Vector done
Event: 0.189 loading class jdk/internal/vm/vector/VectorSupport$VectorMask
Event: 0.190 loading class jdk/internal/vm/vector/VectorSupport$VectorMask done
Event: 0.190 loading class jdk/internal/vm/vector/VectorSupport$VectorShuffle
Event: 0.190 loading class jdk/internal/vm/vector/VectorSupport$VectorShuffle done
Event: 0.192 loading class java/lang/NullPointerException
Event: 0.192 loading class java/lang/NullPointerException done
Event: 0.192 loading class java/lang/ArithmeticException
Event: 0.192 loading class java/lang/ArithmeticException done


Dynamic libraries:
0x00007ff6848b0000 - 0x00007ff6848be000 	c:\Users\franklin\.vscode\extensions\redhat.java-1.22.1-win32-x64\jre\17.0.8.1-win32-x86_64\bin\java.exe
0x00007ffec39d0000 - 0x00007ffec3bc8000 	C:\WINDOWS\SYSTEM32\ntdll.dll
0x00007ffec2dd0000 - 0x00007ffec2e8f000 	C:\WINDOWS\System32\KERNEL32.DLL
0x00007ffec1360000 - 0x00007ffec1656000 	C:\WINDOWS\System32\KERNELBASE.dll
0x00007ffec1930000 - 0x00007ffec1a30000 	C:\WINDOWS\System32\ucrtbase.dll
0x00007ffeb7460000 - 0x00007ffeb7477000 	c:\Users\franklin\.vscode\extensions\redhat.java-1.22.1-win32-x64\jre\17.0.8.1-win32-x86_64\bin\jli.dll
0x00007ffec2e90000 - 0x00007ffec302d000 	C:\WINDOWS\System32\USER32.dll
0x00007ffec1900000 - 0x00007ffec1922000 	C:\WINDOWS\System32\win32u.dll
0x00007ffec2240000 - 0x00007ffec226c000 	C:\WINDOWS\System32\GDI32.dll
0x00007ffec1700000 - 0x00007ffec1815000 	C:\WINDOWS\System32\gdi32full.dll
0x00007ffec12c0000 - 0x00007ffec135d000 	C:\WINDOWS\System32\msvcp_win.dll
0x00007ffeb7330000 - 0x00007ffeb7349000 	c:\Users\franklin\.vscode\extensions\redhat.java-1.22.1-win32-x64\jre\17.0.8.1-win32-x86_64\bin\VCRUNTIME140.dll
0x00007ffea9890000 - 0x00007ffea9b2a000 	C:\WINDOWS\WinSxS\amd64_microsoft.windows.common-controls_6595b64144ccf1df_6.0.19041.1110_none_60b5254171f9507e\COMCTL32.dll
0x00007ffec1a30000 - 0x00007ffec1ace000 	C:\WINDOWS\System32\msvcrt.dll
0x00007ffec3960000 - 0x00007ffec3990000 	C:\WINDOWS\System32\IMM32.DLL
0x00007ffeb7220000 - 0x00007ffeb722c000 	c:\Users\franklin\.vscode\extensions\redhat.java-1.22.1-win32-x64\jre\17.0.8.1-win32-x86_64\bin\vcruntime140_1.dll
0x00007ffe970f0000 - 0x00007ffe97181000 	c:\Users\franklin\.vscode\extensions\redhat.java-1.22.1-win32-x64\jre\17.0.8.1-win32-x86_64\bin\msvcp140.dll
0x00007ffe96200000 - 0x00007ffe96e4c000 	c:\Users\franklin\.vscode\extensions\redhat.java-1.22.1-win32-x64\jre\17.0.8.1-win32-x86_64\bin\server\jvm.dll
0x00007ffec27c0000 - 0x00007ffec286f000 	C:\WINDOWS\System32\ADVAPI32.dll
0x00007ffec38c0000 - 0x00007ffec395c000 	C:\WINDOWS\System32\sechost.dll
0x00007ffec3310000 - 0x00007ffec3436000 	C:\WINDOWS\System32\RPCRT4.dll
0x00007ffec0f20000 - 0x00007ffec0f6b000 	C:\WINDOWS\SYSTEM32\POWRPROF.dll
0x00007ffeae040000 - 0x00007ffeae049000 	C:\WINDOWS\SYSTEM32\WSOCK32.dll
0x00007ffec2380000 - 0x00007ffec23eb000 	C:\WINDOWS\System32\WS2_32.dll
0x00007ffea6bd0000 - 0x00007ffea6bf7000 	C:\WINDOWS\SYSTEM32\WINMM.dll
0x00007ffeb31e0000 - 0x00007ffeb31ea000 	C:\WINDOWS\SYSTEM32\VERSION.dll
0x00007ffec0f00000 - 0x00007ffec0f12000 	C:\WINDOWS\SYSTEM32\UMPDC.dll
0x00007ffebf140000 - 0x00007ffebf152000 	C:\WINDOWS\SYSTEM32\kernel.appcore.dll
0x00007ffeba6d0000 - 0x00007ffeba6da000 	c:\Users\franklin\.vscode\extensions\redhat.java-1.22.1-win32-x64\jre\17.0.8.1-win32-x86_64\bin\jimage.dll
0x00007ffebef30000 - 0x00007ffebf114000 	C:\WINDOWS\SYSTEM32\DBGHELP.DLL
0x00007ffeadc10000 - 0x00007ffeadc44000 	C:\WINDOWS\SYSTEM32\dbgcore.DLL
0x00007ffec1820000 - 0x00007ffec18a2000 	C:\WINDOWS\System32\bcryptPrimitives.dll
0x00007ffeb9c10000 - 0x00007ffeb9c1e000 	c:\Users\franklin\.vscode\extensions\redhat.java-1.22.1-win32-x64\jre\17.0.8.1-win32-x86_64\bin\instrument.dll
0x00007ffe9f080000 - 0x00007ffe9f0a5000 	c:\Users\franklin\.vscode\extensions\redhat.java-1.22.1-win32-x64\jre\17.0.8.1-win32-x86_64\bin\java.dll
0x00007ffeb7080000 - 0x00007ffeb7098000 	c:\Users\franklin\.vscode\extensions\redhat.java-1.22.1-win32-x64\jre\17.0.8.1-win32-x86_64\bin\zip.dll

dbghelp: loaded successfully - version: 4.0.5 - missing functions: none
symbol engine: initialized successfully - sym options: 0x614 - pdb path: .;c:\Users\franklin\.vscode\extensions\redhat.java-1.22.1-win32-x64\jre\17.0.8.1-win32-x86_64\bin;C:\WINDOWS\SYSTEM32;C:\WINDOWS\WinSxS\amd64_microsoft.windows.common-controls_6595b64144ccf1df_6.0.19041.1110_none_60b5254171f9507e;c:\Users\franklin\.vscode\extensions\redhat.java-1.22.1-win32-x64\jre\17.0.8.1-win32-x86_64\bin\server

VM Arguments:
jvm_args: --add-modules=ALL-SYSTEM --add-opens=java.base/java.util=ALL-UNNAMED --add-opens=java.base/java.lang=ALL-UNNAMED --add-opens=java.base/sun.nio.fs=ALL-UNNAMED -Declipse.application=org.eclipse.jdt.ls.core.id1 -Dosgi.bundles.defaultStartLevel=4 -Declipse.product=org.eclipse.jdt.ls.core.product -Djava.import.generatesMetadataFilesAtProjectRoot=false -Dfile.encoding=utf8 -XX:+UseParallelGC -XX:GCTimeRatio=4 -XX:AdaptiveSizePolicyWeight=90 -Dsun.zip.disableMemoryMapping=true -Xmx1G -Xms100m -Xlog:disable -javaagent:c:\Users\franklin\.vscode\extensions\redhat.java-1.22.1-win32-x64\lombok\lombok-1.18.28.jar 
java_command: c:\Users\franklin\.vscode\extensions\redhat.java-1.22.1-win32-x64\server\plugins\org.eclipse.equinox.launcher_1.6.500.v20230717-2134.jar -configuration c:\Users\franklin\AppData\Roaming\Code\User\globalStorage\redhat.java\1.22.1\config_ss_win -data c:\Users\franklin\AppData\Roaming\Code\User\workspaceStorage\1da71107c33c4d1254ad4e818ce26aec\redhat.java\ss_ws
java_class_path (initial): c:\Users\franklin\.vscode\extensions\redhat.java-1.22.1-win32-x64\server\plugins\org.eclipse.equinox.launcher_1.6.500.v20230717-2134.jar
Launcher Type: SUN_STANDARD

[Global flags]
    uintx AdaptiveSizePolicyWeight                 = 90                                        {product} {command line}
     intx CICompilerCount                          = 3                                         {product} {ergonomic}
    uintx GCTimeRatio                              = 4                                         {product} {command line}
   size_t InitialHeapSize                          = 104857600                                 {product} {command line}
   size_t MaxHeapSize                              = 1073741824                                {product} {command line}
   size_t MaxNewSize                               = 357564416                                 {product} {ergonomic}
   size_t MinHeapDeltaBytes                        = 524288                                    {product} {ergonomic}
   size_t MinHeapSize                              = 104857600                                 {product} {command line}
   size_t NewSize                                  = 34603008                                  {product} {ergonomic}
    uintx NonNMethodCodeHeapSize                   = 5832780                                {pd product} {ergonomic}
    uintx NonProfiledCodeHeapSize                  = 122912730                              {pd product} {ergonomic}
   size_t OldSize                                  = 70254592                                  {product} {ergonomic}
    uintx ProfiledCodeHeapSize                     = 122912730                              {pd product} {ergonomic}
    uintx ReservedCodeCacheSize                    = 251658240                              {pd product} {ergonomic}
     bool SegmentedCodeCache                       = true                                      {product} {ergonomic}
   size_t SoftMaxHeapSize                          = 1073741824                             {manageable} {ergonomic}
     bool UseCompressedClassPointers               = true                           {product lp64_product} {ergonomic}
     bool UseCompressedOops                        = true                           {product lp64_product} {ergonomic}
     bool UseLargePagesIndividualAllocation        = false                                  {pd product} {ergonomic}
     bool UseParallelGC                            = true                                      {product} {command line}

Logging:
Log output configuration:
 #0: stdout all=off uptime,level,tags
 #1: stderr all=off uptime,level,tags

Environment Variables:
PATH=C:\Program Files\Common Files\Oracle\Java\javapath;C:\WINDOWS\system32;C:\WINDOWS;C:\WINDOWS\System32\Wbem;C:\WINDOWS\System32\WindowsPowerShell\v1.0\;C:\WINDOWS\System32\OpenSSH\;C:\Program Files\Git\cmd;C:\Program Files\Java\jdk-17\;C:\Users\franklin\AppData\Local\Programs\Microsoft VS Code\bin
USERNAME=franklin
OS=Windows_NT
PROCESSOR_IDENTIFIER=Intel64 Family 6 Model 78 Stepping 3, GenuineIntel
TMP=C:\Users\franklin\AppData\Local\Temp
TEMP=C:\Users\franklin\AppData\Local\Temp



---------------  S Y S T E M  ---------------

OS:
 Windows 10 , 64 bit Build 19041 (10.0.19041.3031)
OS uptime: 0 days 0:14 hours

CPU: total 4 (initial active 4) (2 cores per cpu, 2 threads per core) family 6 model 78 stepping 3 microcode 0xcc, cx8, cmov, fxsr, ht, mmx, 3dnowpref, sse, sse2, sse3, ssse3, sse4.1, sse4.2, popcnt, lzcnt, tsc, tscinvbit, avx, avx2, aes, erms, clmul, bmi1, bmi2, adx, fma, vzeroupper, clflush, clflushopt
Processor Information for all 4 processors :
  Max Mhz: 2000, Current Mhz: 2000, Mhz Limit: 2000

Memory: 4k page, system-wide physical 4012M (268M free)
TotalPageFile size 7661M (AvailPageFile size 172M)
current process WorkingSet (physical memory assigned to process): 15M, peak: 15M
current process commit charge ("private bytes"): 148M, peak: 149M

vm_info: OpenJDK 64-Bit Server VM (17.0.8.1+1) for windows-amd64 JRE (17.0.8.1+1), built on Aug 23 2023 15:29:17 by "admin" with MS VC++ 16.7 (VS2019)

END.
