#
# There is insufficient memory for the Java Runtime Environment to continue.
# Native memory allocation (mmap) failed to map 65536 bytes for Failed to commit metaspace.
# Possible reasons:
#   The system is out of physical RAM or swap space
#   The process is running with CompressedOops enabled, and the Java Heap may be blocking the growth of the native heap
# Possible solutions:
#   Reduce memory load on the system
#   Increase physical memory or swap space
#   Check if swap backing store is full
#   Decrease Java heap size (-Xmx/-Xms)
#   Decrease number of Java threads
#   Decrease Java thread stack sizes (-Xss)
#   Set larger code cache with -XX:ReservedCodeCacheSize=
#   JVM is running with Unscaled Compressed Oops mode in which the Java heap is
#     placed in the first 4GB address space. The Java Heap base address is the
#     maximum limit for the native heap growth. Please use -XX:HeapBaseMinAddress
#     to set the Java Heap base and to place the Java Heap above 4GB virtual address.
# This output file may be truncated or incomplete.
#
#  Out of Memory Error (virtualSpaceNode.cpp:110), pid=13364, tid=13748
#
# JRE version: OpenJDK Runtime Environment Temurin-17.0.8.1+1 (17.0.8.1+1) (build 17.0.8.1+1)
# Java VM: OpenJDK 64-Bit Server VM Temurin-17.0.8.1+1 (17.0.8.1+1, mixed mode, tiered, compressed oops, compressed class ptrs, parallel gc, windows-amd64)
# No core dump will be written. Minidumps are not enabled by default on client versions of Windows
#

---------------  S U M M A R Y ------------

Command Line: --add-modules=ALL-SYSTEM --add-opens=java.base/java.util=ALL-UNNAMED --add-opens=java.base/java.lang=ALL-UNNAMED --add-opens=java.base/sun.nio.fs=ALL-UNNAMED -Declipse.application=org.eclipse.jdt.ls.core.id1 -Dosgi.bundles.defaultStartLevel=4 -Declipse.product=org.eclipse.jdt.ls.core.product -Djava.import.generatesMetadataFilesAtProjectRoot=false -Dfile.encoding=utf8 -XX:+UseParallelGC -XX:GCTimeRatio=4 -XX:AdaptiveSizePolicyWeight=90 -Dsun.zip.disableMemoryMapping=true -Xmx1G -Xms100m -Xlog:disable -javaagent:c:\Users\franklin\.vscode\extensions\redhat.java-1.22.1-win32-x64\lombok\lombok-1.18.28.jar -XX:+HeapDumpOnOutOfMemoryError -XX:HeapDumpPath=c:\Users\franklin\AppData\Roaming\Code\User\workspaceStorage\efb78c355a8baf957047c29345a0f604\redhat.java -Daether.dependencyCollector.impl=bf c:\Users\franklin\.vscode\extensions\redhat.java-1.22.1-win32-x64\server\plugins\org.eclipse.equinox.launcher_1.6.500.v20230717-2134.jar -configuration c:\Users\franklin\AppData\Roaming\Code\User\globalStorage\redhat.java\1.22.1\config_win -data c:\Users\franklin\AppData\Roaming\Code\User\workspaceStorage\efb78c355a8baf957047c29345a0f604\redhat.java\jdt_ws

Host: Intel(R) Core(TM) i3-6006U CPU @ 2.00GHz, 4 cores, 3G,  Windows 10 , 64 bit Build 19041 (10.0.19041.3031)
Time: Fri Sep 15 10:20:40 2023 Hora estándar, América Central elapsed time: 24.153854 seconds (0d 0h 0m 24s)

---------------  T H R E A D  ---------------

Current thread (0x00000178e9517960):  JavaThread "main" [_thread_in_vm, id=13748, stack(0x0000006de2300000,0x0000006de2400000)]

Stack: [0x0000006de2300000,0x0000006de2400000]
Native frames: (J=compiled Java code, j=interpreted, Vv=VM code, C=native code)
V  [jvm.dll+0x678b0a]
V  [jvm.dll+0x835e84]
V  [jvm.dll+0x83762e]
V  [jvm.dll+0x837c93]
V  [jvm.dll+0x24746f]
V  [jvm.dll+0x831f1b]
V  [jvm.dll+0x61d3c6]
V  [jvm.dll+0x1c1aae]
V  [jvm.dll+0x61fd21]
V  [jvm.dll+0x61dd66]
V  [jvm.dll+0x23ce50]
V  [jvm.dll+0x1ec2ed]
V  [jvm.dll+0x1e1d21]
V  [jvm.dll+0x53fba0]
V  [jvm.dll+0x7b1278]
V  [jvm.dll+0x7b1364]
V  [jvm.dll+0x40ecc5]
V  [jvm.dll+0x414e18]
C  [java.dll+0x17ec]

Java frames: (J=compiled Java code, j=interpreted, Vv=VM code)
j  java.lang.ClassLoader.defineClass1(Ljava/lang/ClassLoader;Ljava/lang/String;[BIILjava/security/ProtectionDomain;Ljava/lang/String;)Ljava/lang/Class;+0 java.base@17.0.8.1
j  java.lang.ClassLoader.defineClass(Ljava/lang/String;[BIILjava/security/ProtectionDomain;)Ljava/lang/Class;+27 java.base@17.0.8.1
j  java.security.SecureClassLoader.defineClass(Ljava/lang/String;[BIILjava/security/CodeSource;)Ljava/lang/Class;+12 java.base@17.0.8.1
j  java.net.URLClassLoader.defineClass(Ljava/lang/String;Ljdk/internal/loader/Resource;)Ljava/lang/Class;+221 java.base@17.0.8.1
j  java.net.URLClassLoader$1.run()Ljava/lang/Class;+43 java.base@17.0.8.1
j  java.net.URLClassLoader$1.run()Ljava/lang/Object;+1 java.base@17.0.8.1
j  java.security.AccessController.executePrivileged(Ljava/security/PrivilegedExceptionAction;Ljava/security/AccessControlContext;Ljava/lang/Class;)Ljava/lang/Object;+29 java.base@17.0.8.1
j  java.security.AccessController.doPrivileged(Ljava/security/PrivilegedExceptionAction;Ljava/security/AccessControlContext;)Ljava/lang/Object;+13 java.base@17.0.8.1
j  java.net.URLClassLoader.findClass(Ljava/lang/String;)Ljava/lang/Class;+13 java.base@17.0.8.1
j  java.lang.ClassLoader.loadClass(Ljava/lang/String;Z)Ljava/lang/Class;+69 java.base@17.0.8.1
J 805 c1 java.lang.ClassLoader.loadClass(Ljava/lang/String;)Ljava/lang/Class; java.base@17.0.8.1 (7 bytes) @ 0x00000178ec2f66bc [0x00000178ec2f65c0+0x00000000000000fc]
v  ~StubRoutines::call_stub
j  org.eclipse.osgi.internal.location.EquinoxLocations.buildLocation(Ljava/lang/String;Ljava/net/URL;Ljava/lang/String;ZZLjava/lang/String;)Lorg/eclipse/osgi/internal/location/BasicLocation;+353
j  org.eclipse.osgi.internal.location.EquinoxLocations.<init>(Lorg/eclipse/osgi/internal/framework/EquinoxConfiguration$ConfigValues;Lorg/eclipse/osgi/internal/framework/EquinoxContainer;Ljava/util/concurrent/atomic/AtomicBoolean;Ljava/util/Map;)V+112
j  org.eclipse.osgi.internal.framework.EquinoxConfiguration.<init>(Ljava/util/Map;Lorg/eclipse/osgi/internal/hookregistry/HookRegistry;)V+102
j  org.eclipse.osgi.internal.framework.EquinoxContainer.<init>(Ljava/util/Map;Lorg/osgi/framework/connect/ModuleConnector;)V+81
j  org.eclipse.osgi.launch.Equinox.<init>(Ljava/util/Map;Lorg/osgi/framework/connect/ModuleConnector;)V+10
j  org.eclipse.osgi.launch.Equinox.<init>(Ljava/util/Map;)V+3
j  org.eclipse.core.runtime.adaptor.EclipseStarter.startup([Ljava/lang/String;Ljava/lang/Runnable;)Lorg/osgi/framework/BundleContext;+28
j  org.eclipse.core.runtime.adaptor.EclipseStarter.run([Ljava/lang/String;Ljava/lang/Runnable;)Ljava/lang/Object;+21
v  ~StubRoutines::call_stub
j  jdk.internal.reflect.NativeMethodAccessorImpl.invoke0(Ljava/lang/reflect/Method;Ljava/lang/Object;[Ljava/lang/Object;)Ljava/lang/Object;+0 java.base@17.0.8.1
j  jdk.internal.reflect.NativeMethodAccessorImpl.invoke(Ljava/lang/Object;[Ljava/lang/Object;)Ljava/lang/Object;+133 java.base@17.0.8.1
j  jdk.internal.reflect.DelegatingMethodAccessorImpl.invoke(Ljava/lang/Object;[Ljava/lang/Object;)Ljava/lang/Object;+6 java.base@17.0.8.1
j  java.lang.reflect.Method.invoke(Ljava/lang/Object;[Ljava/lang/Object;)Ljava/lang/Object;+59 java.base@17.0.8.1
j  org.eclipse.equinox.launcher.Main.invokeFramework([Ljava/lang/String;[Ljava/net/URL;)V+201
j  org.eclipse.equinox.launcher.Main.basicRun([Ljava/lang/String;)V+159
j  org.eclipse.equinox.launcher.Main.run([Ljava/lang/String;)I+4
j  org.eclipse.equinox.launcher.Main.main([Ljava/lang/String;)V+10
v  ~StubRoutines::call_stub

---------------  P R O C E S S  ---------------

Threads class SMR info:
_java_thread_list=0x00000178fe7f7610, length=12, elements={
0x00000178e9517960, 0x00000178fd338740, 0x00000178fd33b270, 0x00000178fd363270,
0x00000178fd364000, 0x00000178fd364e80, 0x00000178fd368dc0, 0x00000178fd369ab0,
0x00000178fe4eb760, 0x00000178fd39d6a0, 0x00000178e95d67d0, 0x00000178fe7335c0
}

Java Threads: ( => current thread )
=>0x00000178e9517960 JavaThread "main" [_thread_in_vm, id=13748, stack(0x0000006de2300000,0x0000006de2400000)]
  0x00000178fd338740 JavaThread "Reference Handler" daemon [_thread_blocked, id=13936, stack(0x0000006de2600000,0x0000006de2700000)]
  0x00000178fd33b270 JavaThread "Finalizer" daemon [_thread_blocked, id=13868, stack(0x0000006de2700000,0x0000006de2800000)]
  0x00000178fd363270 JavaThread "Signal Dispatcher" daemon [_thread_blocked, id=12112, stack(0x0000006de2800000,0x0000006de2900000)]
  0x00000178fd364000 JavaThread "Attach Listener" daemon [_thread_blocked, id=12648, stack(0x0000006de2900000,0x0000006de2a00000)]
  0x00000178fd364e80 JavaThread "Service Thread" daemon [_thread_blocked, id=12744, stack(0x0000006de2a00000,0x0000006de2b00000)]
  0x00000178fd368dc0 JavaThread "Monitor Deflation Thread" daemon [_thread_blocked, id=12952, stack(0x0000006de2b00000,0x0000006de2c00000)]
  0x00000178fd369ab0 JavaThread "C2 CompilerThread0" daemon [_thread_blocked, id=13032, stack(0x0000006de2c00000,0x0000006de2d00000)]
  0x00000178fe4eb760 JavaThread "C1 CompilerThread0" daemon [_thread_blocked, id=13844, stack(0x0000006de2d00000,0x0000006de2e00000)]
  0x00000178fd39d6a0 JavaThread "Sweeper thread" daemon [_thread_blocked, id=14036, stack(0x0000006de2e00000,0x0000006de2f00000)]
  0x00000178e95d67d0 JavaThread "Common-Cleaner" daemon [_thread_blocked, id=12868, stack(0x0000006de2f00000,0x0000006de3000000)]
  0x00000178fe7335c0 JavaThread "Notification Thread" daemon [_thread_blocked, id=13112, stack(0x0000006de3000000,0x0000006de3100000)]

Other Threads:
  0x00000178fd323460 VMThread "VM Thread" [stack: 0x0000006de2500000,0x0000006de2600000] [id=12444] _threads_hazard_ptr=0x00000178fe7f7610
  0x00000178fe771ff0 WatcherThread [stack: 0x0000006de3100000,0x0000006de3200000] [id=13200]
  0x00000178e9527550 GCTaskThread "GC Thread#0" [stack: 0x0000006de2400000,0x0000006de2500000] [id=14004]

Threads with active compile tasks:

VM state: synchronizing (normal execution)

VM Mutex/Monitor currently owned by a thread:  ([mutex/lock_event])
[0x00000178e9512780] Metaspace_lock - owner thread: 0x00000178e9517960
[0x00000178e9512b70] Threads_lock - owner thread: 0x00000178fd323460

Heap address: 0x00000000c0000000, size: 1024 MB, Compressed Oops mode: 32-bit

CDS archive(s) not mapped
Compressed class space mapped at: 0x0000000100000000-0x0000000140000000, reserved size: 1073741824
Narrow klass base: 0x0000000000000000, Narrow klass shift: 3, Narrow klass range: 0x140000000

GC Precious Log:
 CPUs: 4 total, 4 available
 Memory: 4012M
 Large Page Support: Disabled
 NUMA Support: Disabled
 Compressed Oops: Enabled (32-bit)
 Alignments: Space 512K, Generation 512K, Heap 2M
 Heap Min Capacity: 100M
 Heap Initial Capacity: 100M
 Heap Max Capacity: 1G
 Pre-touch: Disabled
 Parallel Workers: 4

Heap:
 PSYoungGen      total 29696K, used 21477K [0x00000000eab00000, 0x00000000ecc00000, 0x0000000100000000)
  eden space 25600K, 83% used [0x00000000eab00000,0x00000000ebff94b0,0x00000000ec400000)
  from space 4096K, 0% used [0x00000000ec800000,0x00000000ec800000,0x00000000ecc00000)
  to   space 4096K, 0% used [0x00000000ec400000,0x00000000ec400000,0x00000000ec800000)
 ParOldGen       total 68608K, used 0K [0x00000000c0000000, 0x00000000c4300000, 0x00000000eab00000)
  object space 68608K, 0% used [0x00000000c0000000,0x00000000c0000000,0x00000000c4300000)
 Metaspace       used 10171K, committed 10240K, reserved 1114112K
  class space    used 1012K, committed 1024K, reserved 1048576K

Card table byte_map: [0x00000178e8ef0000,0x00000178e9100000] _byte_map_base: 0x00000178e88f0000

Marking Bits: (ParMarkBitMap*) 0x00007ffe96d883a0
 Begin Bits: [0x00000178fb1a0000, 0x00000178fc1a0000)
 End Bits:   [0x00000178fc1a0000, 0x00000178fd1a0000)

Polling page: 0x00000178e8ce0000

Metaspace:

Usage:
  Non-class:      8.94 MB used.
      Class:   1012.60 KB used.
       Both:      9.93 MB used.

Virtual space:
  Non-class space:       64.00 MB reserved,       9.00 MB ( 14%) committed,  1 nodes.
      Class space:        1.00 GB reserved,       1.00 MB ( <1%) committed,  1 nodes.
             Both:        1.06 GB reserved,      10.00 MB ( <1%) committed. 

Chunk freelists:
   Non-Class:  6.61 MB
       Class:  15.00 MB
        Both:  21.61 MB

MaxMetaspaceSize: unlimited
CompressedClassSpaceSize: 1.00 GB
Initial GC threshold: 21.00 MB
Current GC threshold: 21.00 MB
CDS: off
MetaspaceReclaimPolicy: balanced
 - commit_granule_bytes: 65536.
 - commit_granule_words: 8192.
 - virtual_space_node_default_size: 8388608.
 - enlarge_chunks_in_place: 1.
 - new_chunks_are_fully_committed: 0.
 - uncommit_free_chunks: 1.
 - use_allocation_guard: 0.
 - handle_deallocations: 1.


Internal statistics:

num_allocs_failed_limit: 0.
num_arena_births: 14.
num_arena_deaths: 0.
num_vsnodes_births: 2.
num_vsnodes_deaths: 0.
num_space_committed: 160.
num_space_uncommitted: 0.
num_chunks_returned_to_freelist: 0.
num_chunks_taken_from_freelist: 68.
num_chunk_merges: 0.
num_chunk_splits: 41.
num_chunks_enlarged: 29.
num_inconsistent_stats: 0.

CodeHeap 'non-profiled nmethods': size=120000Kb used=343Kb max_used=343Kb free=119656Kb
 bounds [0x00000178f3c70000, 0x00000178f3ee0000, 0x00000178fb1a0000]
CodeHeap 'profiled nmethods': size=120000Kb used=1385Kb max_used=1385Kb free=118614Kb
 bounds [0x00000178ec1a0000, 0x00000178ec410000, 0x00000178f36d0000]
CodeHeap 'non-nmethods': size=5760Kb used=1137Kb max_used=1167Kb free=4622Kb
 bounds [0x00000178f36d0000, 0x00000178f3940000, 0x00000178f3c70000]
 total_blobs=1245 nmethods=817 adapters=343
 compilation: enabled
              stopped_count=0, restarted_count=0
 full_count=0

Compilation events (20 events):
Event: 21.075 Thread 0x00000178fd369ab0  811       4       java.util.HashMap::put (13 bytes)
Event: 21.075 Thread 0x00000178fe4eb760  812       3       java.util.ArrayList::<init> (61 bytes)
Event: 21.077 Thread 0x00000178fe4eb760 nmethod 812 0x00000178ec2f7b10 code [0x00000178ec2f7d60, 0x00000178ec2f8638]
Event: 21.079 Thread 0x00000178fe4eb760  814       3       java.util.AbstractCollection::addAll (42 bytes)
Event: 21.080 Thread 0x00000178fe4eb760 nmethod 814 0x00000178ec2f8990 code [0x00000178ec2f8b80, 0x00000178ec2f9098]
Event: 21.083 Thread 0x00000178fe4eb760  816       1       java.nio.Buffer::position (5 bytes)
Event: 21.084 Thread 0x00000178fe4eb760 nmethod 816 0x00000178f3cc3890 code [0x00000178f3cc3a20, 0x00000178f3cc3af8]
Event: 21.085 Thread 0x00000178fe4eb760  817       3       java.lang.StringLatin1::inflate (34 bytes)
Event: 21.085 Thread 0x00000178fe4eb760 nmethod 817 0x00000178ec2f9210 code [0x00000178ec2f93c0, 0x00000178ec2f95d8]
Event: 21.100 Thread 0x00000178fe4eb760  818       1       java.security.CodeSource::getLocationNoFragString (5 bytes)
Event: 21.101 Thread 0x00000178fe4eb760 nmethod 818 0x00000178f3cc3b90 code [0x00000178f3cc3d20, 0x00000178f3cc3df8]
Event: 21.103 Thread 0x00000178fd369ab0 nmethod 811 0x00000178f3cc3e90 code [0x00000178f3cc40c0, 0x00000178f3cc4d30]
Event: 21.103 Thread 0x00000178fd369ab0  813       4       java.util.HashMap::getNode (150 bytes)
Event: 21.106 Thread 0x00000178fe4eb760  819       3       java.util.ArrayList::toArray (57 bytes)
Event: 21.107 Thread 0x00000178fe4eb760 nmethod 819 0x00000178ec2f9790 code [0x00000178ec2f9960, 0x00000178ec2f9e58]
Event: 21.110 Thread 0x00000178fd369ab0 nmethod 813 0x00000178f3cc5510 code [0x00000178f3cc56a0, 0x00000178f3cc5938]
Event: 21.110 Thread 0x00000178fd369ab0  815   !   4       java.nio.DirectByteBuffer::get (34 bytes)
Event: 21.112 Thread 0x00000178fd369ab0 nmethod 815 0x00000178f3cc5b90 code [0x00000178f3cc5d00, 0x00000178f3cc5dd8]
Event: 21.263 Thread 0x00000178fe4eb760  820       3       java.lang.String::getBytes (44 bytes)
Event: 21.263 Thread 0x00000178fe4eb760 nmethod 820 0x00000178ec2f9f90 code [0x00000178ec2fa160, 0x00000178ec2fa458]

GC Heap History (0 events):
No events

Dll operation events (8 events):
Event: 1.229 Loaded shared library c:\Users\franklin\.vscode\extensions\redhat.java-1.22.1-win32-x64\jre\17.0.8.1-win32-x86_64\bin\java.dll
Event: 3.333 Loaded shared library c:\Users\franklin\.vscode\extensions\redhat.java-1.22.1-win32-x64\jre\17.0.8.1-win32-x86_64\bin\zip.dll
Event: 3.338 Loaded shared library C:\Users\franklin\.vscode\extensions\redhat.java-1.22.1-win32-x64\jre\17.0.8.1-win32-x86_64\bin\instrument.dll
Event: 3.405 Loaded shared library C:\Users\franklin\.vscode\extensions\redhat.java-1.22.1-win32-x64\jre\17.0.8.1-win32-x86_64\bin\net.dll
Event: 3.420 Loaded shared library C:\Users\franklin\.vscode\extensions\redhat.java-1.22.1-win32-x64\jre\17.0.8.1-win32-x86_64\bin\nio.dll
Event: 3.463 Loaded shared library C:\Users\franklin\.vscode\extensions\redhat.java-1.22.1-win32-x64\jre\17.0.8.1-win32-x86_64\bin\zip.dll
Event: 3.574 Loaded shared library C:\Users\franklin\.vscode\extensions\redhat.java-1.22.1-win32-x64\jre\17.0.8.1-win32-x86_64\bin\jimage.dll
Event: 3.708 Loaded shared library c:\Users\franklin\.vscode\extensions\redhat.java-1.22.1-win32-x64\jre\17.0.8.1-win32-x86_64\bin\verify.dll

Deoptimization events (20 events):
Event: 20.665 Thread 0x00000178e9517960 DEOPT PACKING pc=0x00000178ec2abce1 sp=0x0000006de23fcd30
Event: 20.665 Thread 0x00000178e9517960 DEOPT UNPACKING pc=0x00000178f3726e43 sp=0x0000006de23fc1b8 mode 0
Event: 20.665 Thread 0x00000178e9517960 DEOPT PACKING pc=0x00000178ec2abce1 sp=0x0000006de23fcd30
Event: 20.665 Thread 0x00000178e9517960 DEOPT UNPACKING pc=0x00000178f3726e43 sp=0x0000006de23fc1b8 mode 0
Event: 21.070 Thread 0x00000178e9517960 Uncommon trap: trap_request=0xffffffde fr.pc=0x00000178f3cac5e8 relative=0x0000000000000a28
Event: 21.070 Thread 0x00000178e9517960 Uncommon trap: reason=class_check action=maybe_recompile pc=0x00000178f3cac5e8 method=java.util.HashMap.putVal(ILjava/lang/Object;Ljava/lang/Object;ZZ)Ljava/lang/Object; @ 203 c2
Event: 21.070 Thread 0x00000178e9517960 DEOPT PACKING pc=0x00000178f3cac5e8 sp=0x0000006de23fd880
Event: 21.070 Thread 0x00000178e9517960 DEOPT UNPACKING pc=0x00000178f37266a3 sp=0x0000006de23fd798 mode 2
Event: 21.071 Thread 0x00000178e9517960 Uncommon trap: trap_request=0xffffffde fr.pc=0x00000178f3cac5e8 relative=0x0000000000000a28
Event: 21.071 Thread 0x00000178e9517960 Uncommon trap: reason=class_check action=maybe_recompile pc=0x00000178f3cac5e8 method=java.util.HashMap.putVal(ILjava/lang/Object;Ljava/lang/Object;ZZ)Ljava/lang/Object; @ 203 c2
Event: 21.071 Thread 0x00000178e9517960 DEOPT PACKING pc=0x00000178f3cac5e8 sp=0x0000006de23fd880
Event: 21.071 Thread 0x00000178e9517960 DEOPT UNPACKING pc=0x00000178f37266a3 sp=0x0000006de23fd798 mode 2
Event: 21.071 Thread 0x00000178e9517960 Uncommon trap: trap_request=0xffffffde fr.pc=0x00000178f3cac5e8 relative=0x0000000000000a28
Event: 21.071 Thread 0x00000178e9517960 Uncommon trap: reason=class_check action=maybe_recompile pc=0x00000178f3cac5e8 method=java.util.HashMap.putVal(ILjava/lang/Object;Ljava/lang/Object;ZZ)Ljava/lang/Object; @ 203 c2
Event: 21.071 Thread 0x00000178e9517960 DEOPT PACKING pc=0x00000178f3cac5e8 sp=0x0000006de23fd880
Event: 21.071 Thread 0x00000178e9517960 DEOPT UNPACKING pc=0x00000178f37266a3 sp=0x0000006de23fd798 mode 2
Event: 21.071 Thread 0x00000178e9517960 Uncommon trap: trap_request=0xffffffde fr.pc=0x00000178f3cac5e8 relative=0x0000000000000a28
Event: 21.071 Thread 0x00000178e9517960 Uncommon trap: reason=class_check action=maybe_recompile pc=0x00000178f3cac5e8 method=java.util.HashMap.putVal(ILjava/lang/Object;Ljava/lang/Object;ZZ)Ljava/lang/Object; @ 203 c2
Event: 21.071 Thread 0x00000178e9517960 DEOPT PACKING pc=0x00000178f3cac5e8 sp=0x0000006de23fd880
Event: 21.072 Thread 0x00000178e9517960 DEOPT UNPACKING pc=0x00000178f37266a3 sp=0x0000006de23fd798 mode 2

Classes unloaded (0 events):
No events

Classes redefined (0 events):
No events

Internal exceptions (9 events):
Event: 3.202 Thread 0x00000178e9517960 Exception <a 'java/lang/NoSuchMethodError'{0x00000000eacb2050}: 'void java.lang.invoke.DirectMethodHandle$Holder.invokeStatic(java.lang.Object, java.lang.Object, java.lang.Object)'> (0x00000000eacb2050) 
thrown [s\src\hotspot\share\interpreter\linkResolver.cpp, line 759]
Event: 3.740 Thread 0x00000178e9517960 Exception <a 'java/lang/reflect/InvocationTargetException'{0x00000000eaf787a0}> (0x00000000eaf787a0) 
thrown [s\src\hotspot\share\runtime\reflection.cpp, line 1121]
Event: 10.662 Thread 0x00000178e9517960 Exception <a 'java/lang/ClassNotFoundException'{0x00000000eb7904c8}: sun/net/www/protocol/c/Handler> (0x00000000eb7904c8) 
thrown [s\src\hotspot\share\classfile\systemDictionary.cpp, line 256]
Event: 14.178 Thread 0x00000178e9517960 Exception <a 'java/io/FileNotFoundException'{0x00000000eb7ab4c8}> (0x00000000eb7ab4c8) 
thrown [s\src\hotspot\share\prims\jni.cpp, line 516]
Event: 14.179 Thread 0x00000178e9517960 Exception <a 'java/io/FileNotFoundException'{0x00000000eb7ac228}> (0x00000000eb7ac228) 
thrown [s\src\hotspot\share\prims\jni.cpp, line 516]
Event: 14.187 Thread 0x00000178e9517960 Exception <a 'java/io/FileNotFoundException'{0x00000000eb7acf68}> (0x00000000eb7acf68) 
thrown [s\src\hotspot\share\prims\jni.cpp, line 516]
Event: 14.188 Thread 0x00000178e9517960 Exception <a 'java/io/FileNotFoundException'{0x00000000eb7adc98}> (0x00000000eb7adc98) 
thrown [s\src\hotspot\share\prims\jni.cpp, line 516]
Event: 14.222 Thread 0x00000178e9517960 Implicit null exception at 0x00000178f3ca6872 to 0x00000178f3ca6dc0
Event: 14.227 Thread 0x00000178e9517960 Exception <a 'java/io/FileNotFoundException'{0x00000000eb7e6b20}> (0x00000000eb7e6b20) 
thrown [s\src\hotspot\share\prims\jni.cpp, line 516]

VM Operations (20 events):
Event: 5.883 Executing VM operation: Cleanup done
Event: 8.920 Executing VM operation: Cleanup
Event: 9.417 Executing VM operation: Cleanup done
Event: 10.419 Executing VM operation: Cleanup
Event: 10.486 Executing VM operation: Cleanup done
Event: 10.588 Executing VM operation: HandshakeAllThreads
Event: 10.588 Executing VM operation: HandshakeAllThreads done
Event: 10.644 Executing VM operation: HandshakeAllThreads
Event: 10.644 Executing VM operation: HandshakeAllThreads done
Event: 11.654 Executing VM operation: Cleanup
Event: 11.654 Executing VM operation: Cleanup done
Event: 14.684 Executing VM operation: Cleanup
Event: 14.684 Executing VM operation: Cleanup done
Event: 17.731 Executing VM operation: Cleanup
Event: 17.731 Executing VM operation: Cleanup done
Event: 19.761 Executing VM operation: Cleanup
Event: 19.761 Executing VM operation: Cleanup done
Event: 20.680 Executing VM operation: HandshakeAllThreads
Event: 20.680 Executing VM operation: HandshakeAllThreads done
Event: 21.683 Executing VM operation: Cleanup

Events (20 events):
Event: 20.678 loading class java/io/BufferedReader
Event: 20.678 loading class java/io/BufferedReader done
Event: 20.679 loading class sun/nio/cs/StreamDecoder
Event: 20.679 loading class sun/nio/cs/StreamDecoder done
Event: 20.679 loading class sun/nio/cs/UTF_8$Decoder
Event: 20.679 loading class sun/nio/cs/UTF_8$Decoder done
Event: 20.680 loading class java/nio/charset/CoderResult
Event: 20.680 loading class java/nio/charset/CoderResult done
Event: 21.113 loading class java/util/Random
Event: 21.113 loading class java/util/random/RandomGenerator
Event: 21.113 loading class java/util/random/RandomGenerator done
Event: 21.113 loading class java/util/Random done
Event: 21.114 loading class java/util/UUID
Event: 21.114 loading class java/util/UUID done
Event: 21.115 loading class java/util/concurrent/atomic/AtomicBoolean
Event: 21.115 loading class java/util/concurrent/atomic/AtomicBoolean done
Event: 21.115 loading class java/lang/invoke/VarHandleInts$FieldInstanceReadWrite
Event: 21.116 loading class java/lang/invoke/VarHandleInts$FieldInstanceReadOnly
Event: 21.116 loading class java/lang/invoke/VarHandleInts$FieldInstanceReadOnly done
Event: 21.116 loading class java/lang/invoke/VarHandleInts$FieldInstanceReadWrite done


Dynamic libraries:
0x00007ff6848b0000 - 0x00007ff6848be000 	c:\Users\franklin\.vscode\extensions\redhat.java-1.22.1-win32-x64\jre\17.0.8.1-win32-x86_64\bin\java.exe
0x00007ffec39d0000 - 0x00007ffec3bc8000 	C:\WINDOWS\SYSTEM32\ntdll.dll
0x00007ffec2dd0000 - 0x00007ffec2e8f000 	C:\WINDOWS\System32\KERNEL32.DLL
0x00007ffec1360000 - 0x00007ffec1656000 	C:\WINDOWS\System32\KERNELBASE.dll
0x00007ffec1930000 - 0x00007ffec1a30000 	C:\WINDOWS\System32\ucrtbase.dll
0x00007ffeb7460000 - 0x00007ffeb7477000 	c:\Users\franklin\.vscode\extensions\redhat.java-1.22.1-win32-x64\jre\17.0.8.1-win32-x86_64\bin\jli.dll
0x00007ffec2e90000 - 0x00007ffec302d000 	C:\WINDOWS\System32\USER32.dll
0x00007ffec1900000 - 0x00007ffec1922000 	C:\WINDOWS\System32\win32u.dll
0x00007ffec2240000 - 0x00007ffec226c000 	C:\WINDOWS\System32\GDI32.dll
0x00007ffec1700000 - 0x00007ffec1815000 	C:\WINDOWS\System32\gdi32full.dll
0x00007ffec12c0000 - 0x00007ffec135d000 	C:\WINDOWS\System32\msvcp_win.dll
0x00007ffeb7330000 - 0x00007ffeb7349000 	c:\Users\franklin\.vscode\extensions\redhat.java-1.22.1-win32-x64\jre\17.0.8.1-win32-x86_64\bin\VCRUNTIME140.dll
0x00007ffea9890000 - 0x00007ffea9b2a000 	C:\WINDOWS\WinSxS\amd64_microsoft.windows.common-controls_6595b64144ccf1df_6.0.19041.1110_none_60b5254171f9507e\COMCTL32.dll
0x00007ffec1a30000 - 0x00007ffec1ace000 	C:\WINDOWS\System32\msvcrt.dll
0x00007ffec3960000 - 0x00007ffec3990000 	C:\WINDOWS\System32\IMM32.DLL
0x00007ffeb7220000 - 0x00007ffeb722c000 	c:\Users\franklin\.vscode\extensions\redhat.java-1.22.1-win32-x64\jre\17.0.8.1-win32-x86_64\bin\vcruntime140_1.dll
0x00007ffe970f0000 - 0x00007ffe97181000 	c:\Users\franklin\.vscode\extensions\redhat.java-1.22.1-win32-x64\jre\17.0.8.1-win32-x86_64\bin\msvcp140.dll
0x00007ffe96200000 - 0x00007ffe96e4c000 	c:\Users\franklin\.vscode\extensions\redhat.java-1.22.1-win32-x64\jre\17.0.8.1-win32-x86_64\bin\server\jvm.dll
0x00007ffec27c0000 - 0x00007ffec286f000 	C:\WINDOWS\System32\ADVAPI32.dll
0x00007ffec38c0000 - 0x00007ffec395c000 	C:\WINDOWS\System32\sechost.dll
0x00007ffec3310000 - 0x00007ffec3436000 	C:\WINDOWS\System32\RPCRT4.dll
0x00007ffec0f20000 - 0x00007ffec0f6b000 	C:\WINDOWS\SYSTEM32\POWRPROF.dll
0x00007ffeae040000 - 0x00007ffeae049000 	C:\WINDOWS\SYSTEM32\WSOCK32.dll
0x00007ffec2380000 - 0x00007ffec23eb000 	C:\WINDOWS\System32\WS2_32.dll
0x00007ffea6bd0000 - 0x00007ffea6bf7000 	C:\WINDOWS\SYSTEM32\WINMM.dll
0x00007ffeb31e0000 - 0x00007ffeb31ea000 	C:\WINDOWS\SYSTEM32\VERSION.dll
0x00007ffec0f00000 - 0x00007ffec0f12000 	C:\WINDOWS\SYSTEM32\UMPDC.dll
0x00007ffebf140000 - 0x00007ffebf152000 	C:\WINDOWS\SYSTEM32\kernel.appcore.dll
0x00007ffeba6d0000 - 0x00007ffeba6da000 	c:\Users\franklin\.vscode\extensions\redhat.java-1.22.1-win32-x64\jre\17.0.8.1-win32-x86_64\bin\jimage.dll
0x00007ffebef30000 - 0x00007ffebf114000 	C:\WINDOWS\SYSTEM32\DBGHELP.DLL
0x00007ffeadc10000 - 0x00007ffeadc44000 	C:\WINDOWS\SYSTEM32\dbgcore.DLL
0x00007ffec1820000 - 0x00007ffec18a2000 	C:\WINDOWS\System32\bcryptPrimitives.dll
0x00007ffeb9c10000 - 0x00007ffeb9c1e000 	c:\Users\franklin\.vscode\extensions\redhat.java-1.22.1-win32-x64\jre\17.0.8.1-win32-x86_64\bin\instrument.dll
0x00007ffe9f080000 - 0x00007ffe9f0a5000 	c:\Users\franklin\.vscode\extensions\redhat.java-1.22.1-win32-x64\jre\17.0.8.1-win32-x86_64\bin\java.dll
0x00007ffeb7080000 - 0x00007ffeb7098000 	c:\Users\franklin\.vscode\extensions\redhat.java-1.22.1-win32-x64\jre\17.0.8.1-win32-x86_64\bin\zip.dll
0x00007ffec1ad0000 - 0x00007ffec2214000 	C:\WINDOWS\System32\SHELL32.dll
0x00007ffebf160000 - 0x00007ffebf8f3000 	C:\WINDOWS\SYSTEM32\windows.storage.dll
0x00007ffec28f0000 - 0x00007ffec2c44000 	C:\WINDOWS\System32\combase.dll
0x00007ffec0a20000 - 0x00007ffec0a4e000 	C:\WINDOWS\SYSTEM32\Wldp.dll
0x00007ffec2c50000 - 0x00007ffec2cfd000 	C:\WINDOWS\System32\SHCORE.dll
0x00007ffec2d10000 - 0x00007ffec2d65000 	C:\WINDOWS\System32\shlwapi.dll
0x00007ffec0ff0000 - 0x00007ffec100f000 	C:\WINDOWS\SYSTEM32\profapi.dll
0x00007ffeb7110000 - 0x00007ffeb7129000 	C:\Users\franklin\.vscode\extensions\redhat.java-1.22.1-win32-x64\jre\17.0.8.1-win32-x86_64\bin\net.dll
0x00007ffeb3260000 - 0x00007ffeb336a000 	C:\WINDOWS\SYSTEM32\WINHTTP.dll
0x00007ffec0780000 - 0x00007ffec07ea000 	C:\WINDOWS\system32\mswsock.dll
0x00007ffeafd30000 - 0x00007ffeafd45000 	C:\Users\franklin\.vscode\extensions\redhat.java-1.22.1-win32-x64\jre\17.0.8.1-win32-x86_64\bin\nio.dll
0x00007ffebcc50000 - 0x00007ffebcc60000 	c:\Users\franklin\.vscode\extensions\redhat.java-1.22.1-win32-x64\jre\17.0.8.1-win32-x86_64\bin\verify.dll

dbghelp: loaded successfully - version: 4.0.5 - missing functions: none
symbol engine: initialized successfully - sym options: 0x614 - pdb path: .;c:\Users\franklin\.vscode\extensions\redhat.java-1.22.1-win32-x64\jre\17.0.8.1-win32-x86_64\bin;C:\WINDOWS\SYSTEM32;C:\WINDOWS\WinSxS\amd64_microsoft.windows.common-controls_6595b64144ccf1df_6.0.19041.1110_none_60b5254171f9507e;c:\Users\franklin\.vscode\extensions\redhat.java-1.22.1-win32-x64\jre\17.0.8.1-win32-x86_64\bin\server

VM Arguments:
jvm_args: --add-modules=ALL-SYSTEM --add-opens=java.base/java.util=ALL-UNNAMED --add-opens=java.base/java.lang=ALL-UNNAMED --add-opens=java.base/sun.nio.fs=ALL-UNNAMED -Declipse.application=org.eclipse.jdt.ls.core.id1 -Dosgi.bundles.defaultStartLevel=4 -Declipse.product=org.eclipse.jdt.ls.core.product -Djava.import.generatesMetadataFilesAtProjectRoot=false -Dfile.encoding=utf8 -XX:+UseParallelGC -XX:GCTimeRatio=4 -XX:AdaptiveSizePolicyWeight=90 -Dsun.zip.disableMemoryMapping=true -Xmx1G -Xms100m -Xlog:disable -javaagent:c:\Users\franklin\.vscode\extensions\redhat.java-1.22.1-win32-x64\lombok\lombok-1.18.28.jar -XX:+HeapDumpOnOutOfMemoryError -XX:HeapDumpPath=c:\Users\franklin\AppData\Roaming\Code\User\workspaceStorage\efb78c355a8baf957047c29345a0f604\redhat.java -Daether.dependencyCollector.impl=bf 
java_command: c:\Users\franklin\.vscode\extensions\redhat.java-1.22.1-win32-x64\server\plugins\org.eclipse.equinox.launcher_1.6.500.v20230717-2134.jar -configuration c:\Users\franklin\AppData\Roaming\Code\User\globalStorage\redhat.java\1.22.1\config_win -data c:\Users\franklin\AppData\Roaming\Code\User\workspaceStorage\efb78c355a8baf957047c29345a0f604\redhat.java\jdt_ws
java_class_path (initial): c:\Users\franklin\.vscode\extensions\redhat.java-1.22.1-win32-x64\server\plugins\org.eclipse.equinox.launcher_1.6.500.v20230717-2134.jar
Launcher Type: SUN_STANDARD

[Global flags]
    uintx AdaptiveSizePolicyWeight                 = 90                                        {product} {command line}
     intx CICompilerCount                          = 3                                         {product} {ergonomic}
    uintx GCTimeRatio                              = 4                                         {product} {command line}
     bool HeapDumpOnOutOfMemoryError               = true                                   {manageable} {command line}
    ccstr HeapDumpPath                             = c:\Users\franklin\AppData\Roaming\Code\User\workspaceStorage\efb78c355a8baf957047c29345a0f604\redhat.java         {manageable} {command line}
   size_t InitialHeapSize                          = 104857600                                 {product} {command line}
   size_t MaxHeapSize                              = 1073741824                                {product} {command line}
   size_t MaxNewSize                               = 357564416                                 {product} {ergonomic}
   size_t MinHeapDeltaBytes                        = 524288                                    {product} {ergonomic}
   size_t MinHeapSize                              = 104857600                                 {product} {command line}
   size_t NewSize                                  = 34603008                                  {product} {ergonomic}
    uintx NonNMethodCodeHeapSize                   = 5832780                                {pd product} {ergonomic}
    uintx NonProfiledCodeHeapSize                  = 122912730                              {pd product} {ergonomic}
   size_t OldSize                                  = 70254592                                  {product} {ergonomic}
    uintx ProfiledCodeHeapSize                     = 122912730                              {pd product} {ergonomic}
    uintx ReservedCodeCacheSize                    = 251658240                              {pd product} {ergonomic}
     bool SegmentedCodeCache                       = true                                      {product} {ergonomic}
   size_t SoftMaxHeapSize                          = 1073741824                             {manageable} {ergonomic}
     bool UseCompressedClassPointers               = true                           {product lp64_product} {ergonomic}
     bool UseCompressedOops                        = true                           {product lp64_product} {ergonomic}
     bool UseLargePagesIndividualAllocation        = false                                  {pd product} {ergonomic}
     bool UseParallelGC                            = true                                      {product} {command line}

Logging:
Log output configuration:
 #0: stdout all=off uptime,level,tags
 #1: stderr all=off uptime,level,tags

Environment Variables:
PATH=C:\Program Files\Common Files\Oracle\Java\javapath;C:\WINDOWS\system32;C:\WINDOWS;C:\WINDOWS\System32\Wbem;C:\WINDOWS\System32\WindowsPowerShell\v1.0\;C:\WINDOWS\System32\OpenSSH\;C:\Program Files\Git\cmd;C:\Program Files\Java\jdk-17\;C:\Users\franklin\AppData\Local\Programs\Microsoft VS Code\bin
USERNAME=franklin
OS=Windows_NT
PROCESSOR_IDENTIFIER=Intel64 Family 6 Model 78 Stepping 3, GenuineIntel
TMP=C:\Users\franklin\AppData\Local\Temp
TEMP=C:\Users\franklin\AppData\Local\Temp



---------------  S Y S T E M  ---------------

OS:
 Windows 10 , 64 bit Build 19041 (10.0.19041.3031)
OS uptime: 0 days 0:14 hours

CPU: total 4 (initial active 4) (2 cores per cpu, 2 threads per core) family 6 model 78 stepping 3 microcode 0xcc, cx8, cmov, fxsr, ht, mmx, 3dnowpref, sse, sse2, sse3, ssse3, sse4.1, sse4.2, popcnt, lzcnt, tsc, tscinvbit, avx, avx2, aes, erms, clmul, bmi1, bmi2, adx, fma, vzeroupper, clflush, clflushopt
Processor Information for all 4 processors :
  Max Mhz: 2000, Current Mhz: 2000, Mhz Limit: 2000

Memory: 4k page, system-wide physical 4012M (220M free)
TotalPageFile size 7661M (AvailPageFile size 63M)
current process WorkingSet (physical memory assigned to process): 61M, peak: 63M
current process commit charge ("private bytes"): 181M, peak: 184M

vm_info: OpenJDK 64-Bit Server VM (17.0.8.1+1) for windows-amd64 JRE (17.0.8.1+1), built on Aug 23 2023 15:29:17 by "admin" with MS VC++ 16.7 (VS2019)

END.
